  20230406_2.cpp
E:\CODE2\C++\20230406_2\20230406_2\20230406_2.cpp(1,5): error C2001: 常量中有换行符
E:\CODE2\C++\20230406_2\20230406_2\20230406_2.cpp(1,5): error C2015: 常量中的字符太多
E:\CODE2\C++\20230406_2\20230406_2\20230406_2.cpp(1,5): error C2143: 语法错误: 缺少“;”(在“常数”的前面)
E:\CODE2\C++\20230406_2\20230406_2\20230406_2.cpp(1,5): error C4430: 缺少类型说明符 - 假定为 int。注意: C++ 不支持默认 int
E:\Program Files (x86)\Microsoft Visual Studio\2019\Community\VC\Tools\MSVC\14.29.30133\include\sal.h(2361,12): error C2143: 语法错误: 缺少“;”(在“{”的前面)
E:\Program Files (x86)\Microsoft Visual Studio\2019\Community\VC\Tools\MSVC\14.29.30133\include\sal.h(2361,12): error C2447: “{”: 缺少函数标题(是否是老式的形式表?)
E:\CODE2\C++\20230406_2\20230406_2\20230406_2.cpp(29,5): error C4430: 缺少类型说明符 - 假定为 int。注意: C++ 不支持默认 int
E:\CODE2\C++\20230406_2\20230406_2\20230406_2.cpp(29,11): error C2001: 常量中有换行符
E:\CODE2\C++\20230406_2\20230406_2\20230406_2.cpp(29,11): error C2015: 常量中的字符太多
E:\CODE2\C++\20230406_2\20230406_2\20230406_2.cpp(29,11): error C2143: 语法错误: 缺少“;”(在“常数”的前面)
E:\CODE2\C++\20230406_2\20230406_2\20230406_2.cpp(29,11): error C4430: 缺少类型说明符 - 假定为 int。注意: C++ 不支持默认 int
E:\CODE2\C++\20230406_2\20230406_2\20230406_2.cpp(35,12): error C2143: 语法错误: 缺少“;”(在“{”的前面)
E:\CODE2\C++\20230406_2\20230406_2\20230406_2.cpp(35,12): error C2447: “{”: 缺少函数标题(是否是老式的形式表?)
E:\CODE2\C++\20230406_2\20230406_2\20230406_2.cpp(58,14): error C4430: 缺少类型说明符 - 假定为 int。注意: C++ 不支持默认 int
E:\CODE2\C++\20230406_2\20230406_2\20230406_2.cpp(58,6): error C2146: 语法错误: 缺少“;”(在标识符“program”的前面)
E:\CODE2\C++\20230406_2\20230406_2\20230406_2.cpp(60,209): error C4496: 使用了非标准扩展“for each”: 替换为 ranged-for 语句
E:\CODE2\C++\20230406_2\20230406_2\20230406_2.cpp(60,209): error C2143: 语法错误: 缺少“;”(在“{”的前面)
E:\CODE2\C++\20230406_2\20230406_2\20230406_2.cpp(60,209): error C2447: “{”: 缺少函数标题(是否是老式的形式表?)
E:\CODE2\C++\20230406_2\20230406_2\20230406_2.cpp(63,1): fatal error C1004: 发现意外的文件尾
